<?xml version="1.0" encoding="UTF-8"?>
<!-- Generated by org.testng.reporters.JUnitReportReporter -->
<testsuite hostname="LAPTOP-7LQ2IVHJ" failures="0" tests="1" name="project.TestTest" time="2.978" errors="0" timestamp="2021-12-16T20:41:49 IST" skipped="0">
  <testcase classname="project.TestTest" name="register" time="2.978"/>
  <system-out/>
</testsuite> <!-- project.TestTest -->
